<?xml version="1.0" encoding="UTF-8"?>
<testng-results skipped="0" failed="0" total="1" passed="1">
  <reporter-output>
  </reporter-output>
  <suite name="Default suite" duration-ms="15144" started-at="2020-02-03T03:44:10Z" finished-at="2020-02-03T03:44:25Z">
    <groups>
    </groups>
    <test name="Default test" duration-ms="15144" started-at="2020-02-03T03:44:10Z" finished-at="2020-02-03T03:44:25Z">
      <class name="DriverScript.AppTest">
        <test-method status="PASS" signature="starttest()[pri:0, instance:DriverScript.AppTest@47c62251]" name="starttest" duration-ms="15123" started-at="2020-02-03T09:14:10Z" finished-at="2020-02-03T09:14:25Z">
          <reporter-output>
          </reporter-output>
        </test-method> <!-- starttest -->
      </class> <!-- DriverScript.AppTest -->
    </test> <!-- Default test -->
  </suite> <!-- Default suite -->
</testng-results>
